<?xml version="1.0" encoding="UTF-8"?>
<!-- Generated by org.testng.reporters.JUnitReportReporter -->
<testsuite hostname="DESKTOP-8ASR9CA" failures="0" tests="8"
           name="com.myngoc.demotestng.testcases.customer_testcases.MyProfileTest" time="0.947" errors="1"
           timestamp="2024-12-27T16:04:31 ICT" skipped="7">
    <testcase classname="com.myngoc.demotestng.testcases.customer_testcases.MyProfileTest" name="setUp" time="0.945">
        <error message="Cannot invoke &quot;java.lang.Integer.intValue()&quot; because the return value of &quot;java.util.Map.get(Object)&quot; is null"
               type="java.lang.NullPointerException">
            <![CDATA[java.lang.NullPointerException: Cannot invoke "java.lang.Integer.intValue()" because the return value of "java.util.Map.get(Object)" is null
at com.myngoc.demotestng.common.ExcelHelper.getCellStringData(ExcelHelper.java:84)
at com.myngoc.demotestng.testcases.customer_testcases.MyProfileTest.setUp(MyProfileTest.java:37)
at java.base/jdk.internal.reflect.NativeMethodAccessorImpl.invoke0(Native Method)
at java.base/jdk.internal.reflect.NativeMethodAccessorImpl.invoke(NativeMethodAccessorImpl.java:77)
at java.base/jdk.internal.reflect.DelegatingMethodAccessorImpl.invoke(DelegatingMethodAccessorImpl.java:43)
at java.base/java.lang.reflect.Method.invoke(Method.java:568)
at org.testng.internal.invokers.MethodInvocationHelper.invokeMethod(MethodInvocationHelper.java:141)
at org.testng.internal.invokers.MethodInvocationHelper.invokeMethodConsideringTimeout(MethodInvocationHelper.java:71)
at org.testng.internal.invokers.ConfigInvoker.invokeConfigurationMethod(ConfigInvoker.java:400)
at org.testng.internal.invokers.ConfigInvoker.invokeConfigurations(ConfigInvoker.java:333)
at org.testng.internal.invokers.TestInvoker.runConfigMethods(TestInvoker.java:833)
at org.testng.internal.invokers.TestInvoker.invokeMethod(TestInvoker.java:600)
at org.testng.internal.invokers.TestInvoker.invokeTestMethod(TestInvoker.java:230)
at org.testng.internal.invokers.MethodRunner.runInSequence(MethodRunner.java:63)
at org.testng.internal.invokers.TestInvoker$MethodInvocationAgent.invoke(TestInvoker.java:992)
at org.testng.internal.invokers.TestInvoker.invokeTestMethods(TestInvoker.java:203)
at org.testng.internal.invokers.TestMethodWorker.invokeTestMethods(TestMethodWorker.java:154)
at org.testng.internal.invokers.TestMethodWorker.run(TestMethodWorker.java:134)
at java.base/java.util.ArrayList.forEach(ArrayList.java:1511)
at org.testng.TestRunner.privateRun(TestRunner.java:739)
at org.testng.TestRunner.run(TestRunner.java:614)
at org.testng.SuiteRunner.runTest(SuiteRunner.java:421)
at org.testng.SuiteRunner.runSequentially(SuiteRunner.java:413)
at org.testng.SuiteRunner.privateRun(SuiteRunner.java:373)
at org.testng.SuiteRunner.run(SuiteRunner.java:312)
at org.testng.SuiteRunnerWorker.runSuite(SuiteRunnerWorker.java:52)
at org.testng.SuiteRunnerWorker.run(SuiteRunnerWorker.java:95)
at org.testng.TestNG.runSuitesSequentially(TestNG.java:1274)
at org.testng.TestNG.runSuitesLocally(TestNG.java:1208)
at org.testng.TestNG.runSuites(TestNG.java:1112)
at org.testng.TestNG.run(TestNG.java:1079)
at com.intellij.rt.testng.IDEARemoteTestNG.run(IDEARemoteTestNG.java:65)
at com.intellij.rt.testng.RemoteTestNGStarter.main(RemoteTestNGStarter.java:105)
]]>
        </error>
    </testcase> <!-- setUp -->
    <testcase classname="com.myngoc.demotestng.testcases.customer_testcases.MyProfileTest" name="testUpdateAdress"
              time="0.000">
        <skipped/>
    </testcase> <!-- testUpdateAdress -->
    <testcase classname="com.myngoc.demotestng.testcases.customer_testcases.MyProfileTest"
              name="testIncorrectPhoneNumberUpdateProfile" time="0.000">
        <skipped/>
    </testcase> <!-- testIncorrectPhoneNumberUpdateProfile -->
    <testcase classname="com.myngoc.demotestng.testcases.customer_testcases.MyProfileTest" name="testUpdateProfile"
              time="0.002">
        <skipped/>
    </testcase> <!-- testUpdateProfile -->
    <testcase classname="com.myngoc.demotestng.testcases.customer_testcases.MyProfileTest"
              name="testConfirmPasswordIncorrectUpdatePassword" time="0.000">
        <skipped/>
    </testcase> <!-- testConfirmPasswordIncorrectUpdatePassword -->
    <testcase classname="com.myngoc.demotestng.testcases.customer_testcases.MyProfileTest" name="testEmptyUpdateAdress"
              time="0.000">
        <skipped/>
    </testcase> <!-- testEmptyUpdateAdress -->
    <testcase classname="com.myngoc.demotestng.testcases.customer_testcases.MyProfileTest"
              name="testCurrentPasswordIncorrectUpdatePassword" time="0.000">
        <skipped/>
    </testcase> <!-- testCurrentPasswordIncorrectUpdatePassword -->
    <testcase classname="com.myngoc.demotestng.testcases.customer_testcases.MyProfileTest" name="testUpdatePassword"
              time="0.000">
        <skipped/>
    </testcase> <!-- testUpdatePassword -->
</testsuite> <!-- com.myngoc.demotestng.testcases.customer_testcases.MyProfileTest -->
