<?xml version="1.0" encoding="UTF-8"?>
<!-- Generated by org.testng.reporters.JUnitReportReporter -->
<testsuite hostname="DESKTOP-8ASR9CA" failures="0" tests="6" name="com.myngoc.demotestng.testcases.admin_testcases.LoginAdminTest" time="75.939" errors="0" timestamp="2024-12-27T15:55:28 GMT+07:00" skipped="0">
  <testcase classname="com.myngoc.demotestng.testcases.admin_testcases.LoginAdminTest" name="loginAdmin" time="12.578"/>
  <testcase classname="com.myngoc.demotestng.testcases.admin_testcases.LoginAdminTest" name="loginAdmin" time="12.002"/>
  <testcase classname="com.myngoc.demotestng.testcases.admin_testcases.LoginAdminTest" name="loginAdmin" time="14.022"/>
  <testcase classname="com.myngoc.demotestng.testcases.admin_testcases.LoginAdminTest" name="loginAdmin" time="12.185"/>
  <testcase classname="com.myngoc.demotestng.testcases.admin_testcases.LoginAdminTest" name="loginAdmin" time="11.812"/>
  <testcase classname="com.myngoc.demotestng.testcases.admin_testcases.LoginAdminTest" name="loginAdmin" time="13.340"/>
</testsuite> <!-- com.myngoc.demotestng.testcases.admin_testcases.LoginAdminTest -->
