<?xml version="1.0" encoding="UTF-8"?>
<!-- Generated by org.testng.reporters.JUnitReportReporter -->
<testsuite hostname="DESKTOP-8ASR9CA" failures="0" tests="6"
           name="com.myngoc.demotestng.testcases.customer_testcases.LoginTest" time="24.411" errors="0"
           timestamp="2024-12-27T16:04:31 ICT" skipped="0">
    <testcase classname="com.myngoc.demotestng.testcases.customer_testcases.LoginTest" name="login" time="3.778"/>
    <testcase classname="com.myngoc.demotestng.testcases.customer_testcases.LoginTest" name="login" time="3.980"/>
    <testcase classname="com.myngoc.demotestng.testcases.customer_testcases.LoginTest" name="login" time="3.726"/>
    <testcase classname="com.myngoc.demotestng.testcases.customer_testcases.LoginTest" name="login" time="4.827"/>
    <testcase classname="com.myngoc.demotestng.testcases.customer_testcases.LoginTest" name="login" time="4.144"/>
    <testcase classname="com.myngoc.demotestng.testcases.customer_testcases.LoginTest" name="login" time="3.956"/>
</testsuite> <!-- com.myngoc.demotestng.testcases.customer_testcases.LoginTest -->
