<?xml version="1.0" encoding="UTF-8"?>
<!-- Generated by org.testng.reporters.JUnitReportReporter -->
<testsuite hostname="DESKTOP-8ASR9CA" failures="0" tests="6" name="com.myngoc.demotestng.login.LoginPageTest"
           time="24.258" errors="0" timestamp="2024-11-18T15:21:48 ICT" skipped="0">
    <testcase classname="com.myngoc.demotestng.login.LoginPageTest" name="testLogin" time="1.935"/>
    <testcase classname="com.myngoc.demotestng.login.LoginPageTest" name="testLogin" time="4.283"/>
    <testcase classname="com.myngoc.demotestng.login.LoginPageTest" name="testLogin" time="3.759"/>
    <testcase classname="com.myngoc.demotestng.login.LoginPageTest" name="testLogin" time="3.889"/>
    <testcase classname="com.myngoc.demotestng.login.LoginPageTest" name="testLogin" time="6.497"/>
    <testcase classname="com.myngoc.demotestng.login.LoginPageTest" name="testLogin" time="3.895"/>
</testsuite> <!-- com.myngoc.demotestng.login.LoginPageTest -->
